2024-03-25 07:32:30.245 [INFO ] [http-nio-9090-exec-5] [41] CarteraLocalLogic - carteraCompletaGuardar: Comienza proceso
2024-03-25 07:32:41.696 [INFO ] [http-nio-9090-exec-5] [213] CarteraCompletaLogic - Estamos en el do-while posiblemente mandando nuevamente la peticion de una parte del segmento: 5
2024-03-25 07:32:44.237 [INFO ] [http-nio-9090-exec-5] [213] CarteraCompletaLogic - Estamos en el do-while posiblemente mandando nuevamente la peticion de una parte del segmento: 5
2024-03-25 07:32:46.704 [INFO ] [http-nio-9090-exec-5] [213] CarteraCompletaLogic - Estamos en el do-while posiblemente mandando nuevamente la peticion de una parte del segmento: 5
2024-03-25 07:32:47.149 [INFO ] [http-nio-9090-exec-5] [213] CarteraCompletaLogic - Estamos en el do-while posiblemente mandando nuevamente la peticion de una parte del segmento: 5
2024-03-25 07:32:49.395 [INFO ] [http-nio-9090-exec-5] [213] CarteraCompletaLogic - Estamos en el do-while posiblemente mandando nuevamente la peticion de una parte del segmento: 5
2024-03-25 07:32:52.096 [INFO ] [http-nio-9090-exec-5] [213] CarteraCompletaLogic - Estamos en el do-while posiblemente mandando nuevamente la peticion de una parte del segmento: 5
2024-03-25 07:32:54.349 [INFO ] [http-nio-9090-exec-5] [213] CarteraCompletaLogic - Estamos en el do-while posiblemente mandando nuevamente la peticion de una parte del segmento: 5
2024-03-25 07:32:55.741 [INFO ] [http-nio-9090-exec-5] [213] CarteraCompletaLogic - Estamos en el do-while posiblemente mandando nuevamente la peticion de una parte del segmento: 5
2024-03-25 07:32:55.741 [INFO ] [http-nio-9090-exec-5] [223] CarteraCompletaLogic - Se encontraron: 1948 clientes del segmento: 5
2024-03-25 07:32:57.952 [INFO ] [http-nio-9090-exec-5] [213] CarteraCompletaLogic - Estamos en el do-while posiblemente mandando nuevamente la peticion de una parte del segmento: 6
2024-03-25 07:33:00.255 [INFO ] [http-nio-9090-exec-5] [213] CarteraCompletaLogic - Estamos en el do-while posiblemente mandando nuevamente la peticion de una parte del segmento: 6
2024-03-25 07:33:02.486 [INFO ] [http-nio-9090-exec-5] [213] CarteraCompletaLogic - Estamos en el do-while posiblemente mandando nuevamente la peticion de una parte del segmento: 6
2024-03-25 07:33:04.874 [INFO ] [http-nio-9090-exec-5] [213] CarteraCompletaLogic - Estamos en el do-while posiblemente mandando nuevamente la peticion de una parte del segmento: 6
2024-03-25 07:33:06.394 [INFO ] [http-nio-9090-exec-5] [213] CarteraCompletaLogic - Estamos en el do-while posiblemente mandando nuevamente la peticion de una parte del segmento: 6
2024-03-25 07:33:08.831 [INFO ] [http-nio-9090-exec-5] [213] CarteraCompletaLogic - Estamos en el do-while posiblemente mandando nuevamente la peticion de una parte del segmento: 6
2024-03-25 07:33:10.360 [INFO ] [http-nio-9090-exec-5] [213] CarteraCompletaLogic - Estamos en el do-while posiblemente mandando nuevamente la peticion de una parte del segmento: 6
2024-03-25 07:33:12.586 [INFO ] [http-nio-9090-exec-5] [213] CarteraCompletaLogic - Estamos en el do-while posiblemente mandando nuevamente la peticion de una parte del segmento: 6
2024-03-25 07:33:14.061 [INFO ] [http-nio-9090-exec-5] [213] CarteraCompletaLogic - Estamos en el do-while posiblemente mandando nuevamente la peticion de una parte del segmento: 6
2024-03-25 07:33:15.663 [INFO ] [http-nio-9090-exec-5] [213] CarteraCompletaLogic - Estamos en el do-while posiblemente mandando nuevamente la peticion de una parte del segmento: 6
2024-03-25 07:33:15.663 [INFO ] [http-nio-9090-exec-5] [223] CarteraCompletaLogic - Se encontraron: 3129 clientes del segmento: 6
2024-03-25 07:33:26.410 [INFO ] [http-nio-9090-exec-5] [213] CarteraCompletaLogic - Estamos en el do-while posiblemente mandando nuevamente la peticion de una parte del segmento: 16
2024-03-25 07:33:35.323 [INFO ] [http-nio-9090-exec-5] [213] CarteraCompletaLogic - Estamos en el do-while posiblemente mandando nuevamente la peticion de una parte del segmento: 16
2024-03-25 07:33:44.727 [INFO ] [http-nio-9090-exec-5] [213] CarteraCompletaLogic - Estamos en el do-while posiblemente mandando nuevamente la peticion de una parte del segmento: 16
2024-03-25 07:33:54.155 [INFO ] [http-nio-9090-exec-5] [213] CarteraCompletaLogic - Estamos en el do-while posiblemente mandando nuevamente la peticion de una parte del segmento: 16
2024-03-25 07:34:09.064 [INFO ] [http-nio-9090-exec-5] [213] CarteraCompletaLogic - Estamos en el do-while posiblemente mandando nuevamente la peticion de una parte del segmento: 16
2024-03-25 07:34:41.342 [INFO ] [http-nio-9090-exec-5] [213] CarteraCompletaLogic - Estamos en el do-while posiblemente mandando nuevamente la peticion de una parte del segmento: 16
2024-03-25 07:34:51.500 [INFO ] [http-nio-9090-exec-5] [213] CarteraCompletaLogic - Estamos en el do-while posiblemente mandando nuevamente la peticion de una parte del segmento: 16
2024-03-25 07:35:14.113 [INFO ] [http-nio-9090-exec-5] [213] CarteraCompletaLogic - Estamos en el do-while posiblemente mandando nuevamente la peticion de una parte del segmento: 16
2024-03-25 07:35:54.143 [INFO ] [http-nio-9090-exec-5] [213] CarteraCompletaLogic - Estamos en el do-while posiblemente mandando nuevamente la peticion de una parte del segmento: 16
2024-03-25 07:36:08.776 [INFO ] [http-nio-9090-exec-5] [213] CarteraCompletaLogic - Estamos en el do-while posiblemente mandando nuevamente la peticion de una parte del segmento: 16
2024-03-25 07:36:22.993 [INFO ] [http-nio-9090-exec-5] [213] CarteraCompletaLogic - Estamos en el do-while posiblemente mandando nuevamente la peticion de una parte del segmento: 16
2024-03-25 07:36:32.597 [INFO ] [http-nio-9090-exec-5] [213] CarteraCompletaLogic - Estamos en el do-while posiblemente mandando nuevamente la peticion de una parte del segmento: 16
2024-03-25 07:36:43.490 [INFO ] [http-nio-9090-exec-5] [213] CarteraCompletaLogic - Estamos en el do-while posiblemente mandando nuevamente la peticion de una parte del segmento: 16
2024-03-25 07:37:16.624 [INFO ] [http-nio-9090-exec-5] [213] CarteraCompletaLogic - Estamos en el do-while posiblemente mandando nuevamente la peticion de una parte del segmento: 16
2024-03-25 07:37:16.625 [INFO ] [http-nio-9090-exec-5] [223] CarteraCompletaLogic - Se encontraron: 49904 clientes del segmento: 16
2024-03-25 07:37:19.566 [INFO ] [http-nio-9090-exec-5] [213] CarteraCompletaLogic - Estamos en el do-while posiblemente mandando nuevamente la peticion de una parte del segmento: 28
2024-03-25 07:37:22.276 [INFO ] [http-nio-9090-exec-5] [213] CarteraCompletaLogic - Estamos en el do-while posiblemente mandando nuevamente la peticion de una parte del segmento: 28
2024-03-25 07:37:23.979 [INFO ] [http-nio-9090-exec-5] [213] CarteraCompletaLogic - Estamos en el do-while posiblemente mandando nuevamente la peticion de una parte del segmento: 28
2024-03-25 07:37:25.534 [INFO ] [http-nio-9090-exec-5] [213] CarteraCompletaLogic - Estamos en el do-while posiblemente mandando nuevamente la peticion de una parte del segmento: 28
2024-03-25 07:37:27.965 [INFO ] [http-nio-9090-exec-5] [213] CarteraCompletaLogic - Estamos en el do-while posiblemente mandando nuevamente la peticion de una parte del segmento: 28
2024-03-25 07:37:30.676 [INFO ] [http-nio-9090-exec-5] [213] CarteraCompletaLogic - Estamos en el do-while posiblemente mandando nuevamente la peticion de una parte del segmento: 28
2024-03-25 07:37:33.214 [INFO ] [http-nio-9090-exec-5] [213] CarteraCompletaLogic - Estamos en el do-while posiblemente mandando nuevamente la peticion de una parte del segmento: 28
2024-03-25 07:37:35.656 [INFO ] [http-nio-9090-exec-5] [213] CarteraCompletaLogic - Estamos en el do-while posiblemente mandando nuevamente la peticion de una parte del segmento: 28
2024-03-25 07:37:38.062 [INFO ] [http-nio-9090-exec-5] [213] CarteraCompletaLogic - Estamos en el do-while posiblemente mandando nuevamente la peticion de una parte del segmento: 28
2024-03-25 07:37:39.732 [INFO ] [http-nio-9090-exec-5] [213] CarteraCompletaLogic - Estamos en el do-while posiblemente mandando nuevamente la peticion de una parte del segmento: 28
2024-03-25 07:37:39.732 [INFO ] [http-nio-9090-exec-5] [223] CarteraCompletaLogic - Se encontraron: 3934 clientes del segmento: 28
2024-03-25 07:37:42.231 [INFO ] [http-nio-9090-exec-5] [53] CarteraLocalLogic - carteraCompletaGuardar: Se obtuvieron 58915
2024-03-25 07:37:42.231 [INFO ] [http-nio-9090-exec-5] [54] CarteraLocalLogic - carteraCompletaGuardar: Comenzando validacion de cuentas con gestion
2024-03-25 07:37:44.212 [INFO ] [http-nio-9090-exec-5] [85] CarteraLocalLogic - carteraCompletaGuardar: Termina validacion de cuentas con gestion
2024-03-25 07:37:44.212 [INFO ] [http-nio-9090-exec-5] [128] CarteraLocalLogic - guardarNuevas: Comienza guardado de cuentas nuevas
2024-03-25 07:40:18.718 [INFO ] [http-nio-9090-exec-5] [148] CarteraLocalLogic - guardarNuevas: Se insertan 437 cuentasNuevas
2024-03-25 07:40:23.687 [INFO ] [http-nio-9090-exec-5] [157] CarteraLocalLogic - guardarNuevas: Termina guardado de cuentas nuevas
2024-03-25 07:40:23.688 [INFO ] [http-nio-9090-exec-5] [164] CarteraLocalLogic - guardarCarteraCompletaDia: Comienza guardado de cartera Completa
2024-03-25 07:54:44.805 [INFO ] [http-nio-9090-exec-5] [175] CarteraLocalLogic - guardarCarteraCompletaDia: Termina guardado de cartera Completa
2024-03-25 07:54:44.805 [INFO ] [http-nio-9090-exec-5] [181] CarteraLocalLogic - guardarConPromesa: Comienza guardado de cuentas con Promesa con Gestion
2024-03-25 07:54:44.991 [INFO ] [http-nio-9090-exec-5] [239] CarteraLocalLogic - guardarConPromesa: Termina guardado de cuentas con Promesa con Gestion
2024-03-25 07:54:44.991 [INFO ] [http-nio-9090-exec-5] [246] CarteraLocalLogic - descartarNoCCTT: Comienza guardado de cuentas sin Contacto
2024-03-25 07:54:48.971 [INFO ] [http-nio-9090-exec-5] [312] CarteraLocalLogic - descartarNoCCTT: Termina guardado de cuentas sin Contacto
2024-03-25 07:54:48.971 [INFO ] [http-nio-9090-exec-5] [105] CarteraLocalLogic - carteraCompletaGuardar: Termina proceso
2024-03-25 07:55:40.434 [INFO ] [http-nio-9090-exec-6] [73] NotificacionesLogic - REQUEST Envio correo{"asunto":"Cartera Cartera_Completa_Descarte","copia":null,"destinatario":"kreyes@tkm.com.mx","mensaje":"Se encontraron 54468 cuentas de la cartera Cartera_Completa_Descarte","passwordRemitente":"zckcfjfcgkmyxibb","remitente":"cobranzabaztkm@gmail.com"}
2024-03-25 07:55:41.704 [INFO ] [http-nio-9090-exec-6] [75] NotificacionesLogic - RESPONSE Envio correo {"code":1,"data":"Revisa tu buzon","error":false,"message":"Correo enviado correctamente","timestamp":null,"transactionID":null}
2024-03-25 08:24:03.475 [INFO ] [http-nio-9090-exec-5] [213] CarteraCompletaLogic - Estamos en el do-while posiblemente mandando nuevamente la peticion de una parte del segmento: 5
2024-03-25 08:24:05.410 [INFO ] [http-nio-9090-exec-5] [213] CarteraCompletaLogic - Estamos en el do-while posiblemente mandando nuevamente la peticion de una parte del segmento: 5
2024-03-25 08:24:07.095 [INFO ] [http-nio-9090-exec-5] [213] CarteraCompletaLogic - Estamos en el do-while posiblemente mandando nuevamente la peticion de una parte del segmento: 5
2024-03-25 08:24:08.168 [INFO ] [http-nio-9090-exec-5] [213] CarteraCompletaLogic - Estamos en el do-while posiblemente mandando nuevamente la peticion de una parte del segmento: 5
2024-03-25 08:24:09.884 [INFO ] [http-nio-9090-exec-5] [213] CarteraCompletaLogic - Estamos en el do-while posiblemente mandando nuevamente la peticion de una parte del segmento: 5
2024-03-25 08:24:10.888 [INFO ] [http-nio-9090-exec-5] [213] CarteraCompletaLogic - Estamos en el do-while posiblemente mandando nuevamente la peticion de una parte del segmento: 5
2024-03-25 08:24:11.833 [INFO ] [http-nio-9090-exec-5] [213] CarteraCompletaLogic - Estamos en el do-while posiblemente mandando nuevamente la peticion de una parte del segmento: 5
2024-03-25 08:24:11.833 [INFO ] [http-nio-9090-exec-5] [223] CarteraCompletaLogic - Se encontraron: 1948 clientes del segmento: 5
2024-03-25 08:24:13.605 [INFO ] [http-nio-9090-exec-5] [213] CarteraCompletaLogic - Estamos en el do-while posiblemente mandando nuevamente la peticion de una parte del segmento: 6
2024-03-25 08:24:14.629 [INFO ] [http-nio-9090-exec-5] [213] CarteraCompletaLogic - Estamos en el do-while posiblemente mandando nuevamente la peticion de una parte del segmento: 6
2024-03-25 08:24:16.550 [INFO ] [http-nio-9090-exec-5] [213] CarteraCompletaLogic - Estamos en el do-while posiblemente mandando nuevamente la peticion de una parte del segmento: 6
2024-03-25 08:24:17.627 [INFO ] [http-nio-9090-exec-5] [213] CarteraCompletaLogic - Estamos en el do-while posiblemente mandando nuevamente la peticion de una parte del segmento: 6
2024-03-25 08:24:17.998 [INFO ] [http-nio-9090-exec-5] [213] CarteraCompletaLogic - Estamos en el do-while posiblemente mandando nuevamente la peticion de una parte del segmento: 6
2024-03-25 08:24:18.833 [INFO ] [http-nio-9090-exec-5] [213] CarteraCompletaLogic - Estamos en el do-while posiblemente mandando nuevamente la peticion de una parte del segmento: 6
2024-03-25 08:24:19.813 [INFO ] [http-nio-9090-exec-5] [213] CarteraCompletaLogic - Estamos en el do-while posiblemente mandando nuevamente la peticion de una parte del segmento: 6
2024-03-25 08:24:20.912 [INFO ] [http-nio-9090-exec-5] [213] CarteraCompletaLogic - Estamos en el do-while posiblemente mandando nuevamente la peticion de una parte del segmento: 6
2024-03-25 08:24:21.912 [INFO ] [http-nio-9090-exec-5] [213] CarteraCompletaLogic - Estamos en el do-while posiblemente mandando nuevamente la peticion de una parte del segmento: 6
2024-03-25 08:24:22.876 [INFO ] [http-nio-9090-exec-5] [213] CarteraCompletaLogic - Estamos en el do-while posiblemente mandando nuevamente la peticion de una parte del segmento: 6
2024-03-25 08:24:23.843 [INFO ] [http-nio-9090-exec-5] [213] CarteraCompletaLogic - Estamos en el do-while posiblemente mandando nuevamente la peticion de una parte del segmento: 6
2024-03-25 08:24:24.865 [INFO ] [http-nio-9090-exec-5] [213] CarteraCompletaLogic - Estamos en el do-while posiblemente mandando nuevamente la peticion de una parte del segmento: 6
2024-03-25 08:24:24.865 [INFO ] [http-nio-9090-exec-5] [223] CarteraCompletaLogic - Se encontraron: 3129 clientes del segmento: 6
2024-03-25 08:24:29.532 [INFO ] [http-nio-9090-exec-5] [213] CarteraCompletaLogic - Estamos en el do-while posiblemente mandando nuevamente la peticion de una parte del segmento: 16
2024-03-25 08:24:33.935 [INFO ] [http-nio-9090-exec-5] [213] CarteraCompletaLogic - Estamos en el do-while posiblemente mandando nuevamente la peticion de una parte del segmento: 16
2024-03-25 08:24:38.470 [INFO ] [http-nio-9090-exec-5] [213] CarteraCompletaLogic - Estamos en el do-while posiblemente mandando nuevamente la peticion de una parte del segmento: 16
2024-03-25 08:24:42.796 [INFO ] [http-nio-9090-exec-5] [213] CarteraCompletaLogic - Estamos en el do-while posiblemente mandando nuevamente la peticion de una parte del segmento: 16
2024-03-25 08:24:50.214 [INFO ] [http-nio-9090-exec-5] [213] CarteraCompletaLogic - Estamos en el do-while posiblemente mandando nuevamente la peticion de una parte del segmento: 16
2024-03-25 08:25:04.067 [INFO ] [http-nio-9090-exec-5] [213] CarteraCompletaLogic - Estamos en el do-while posiblemente mandando nuevamente la peticion de una parte del segmento: 16
2024-03-25 08:25:08.978 [INFO ] [http-nio-9090-exec-5] [213] CarteraCompletaLogic - Estamos en el do-while posiblemente mandando nuevamente la peticion de una parte del segmento: 16
2024-03-25 08:25:19.575 [INFO ] [http-nio-9090-exec-5] [213] CarteraCompletaLogic - Estamos en el do-while posiblemente mandando nuevamente la peticion de una parte del segmento: 16
2024-03-25 08:25:38.008 [INFO ] [http-nio-9090-exec-5] [213] CarteraCompletaLogic - Estamos en el do-while posiblemente mandando nuevamente la peticion de una parte del segmento: 16
2024-03-25 08:25:43.994 [INFO ] [http-nio-9090-exec-5] [213] CarteraCompletaLogic - Estamos en el do-while posiblemente mandando nuevamente la peticion de una parte del segmento: 16
2024-03-25 08:25:49.250 [INFO ] [http-nio-9090-exec-5] [213] CarteraCompletaLogic - Estamos en el do-while posiblemente mandando nuevamente la peticion de una parte del segmento: 16
2024-03-25 08:25:54.158 [INFO ] [http-nio-9090-exec-5] [213] CarteraCompletaLogic - Estamos en el do-while posiblemente mandando nuevamente la peticion de una parte del segmento: 16
2024-03-25 08:25:59.925 [INFO ] [http-nio-9090-exec-5] [213] CarteraCompletaLogic - Estamos en el do-while posiblemente mandando nuevamente la peticion de una parte del segmento: 16
2024-03-25 08:26:15.460 [INFO ] [http-nio-9090-exec-5] [213] CarteraCompletaLogic - Estamos en el do-while posiblemente mandando nuevamente la peticion de una parte del segmento: 16
2024-03-25 08:26:15.460 [INFO ] [http-nio-9090-exec-5] [223] CarteraCompletaLogic - Se encontraron: 49901 clientes del segmento: 16
2024-03-25 08:26:15.829 [INFO ] [http-nio-9090-exec-5] [213] CarteraCompletaLogic - Estamos en el do-while posiblemente mandando nuevamente la peticion de una parte del segmento: 28
2024-03-25 08:26:15.995 [INFO ] [http-nio-9090-exec-5] [213] CarteraCompletaLogic - Estamos en el do-while posiblemente mandando nuevamente la peticion de una parte del segmento: 28
2024-03-25 08:26:16.341 [INFO ] [http-nio-9090-exec-5] [213] CarteraCompletaLogic - Estamos en el do-while posiblemente mandando nuevamente la peticion de una parte del segmento: 28
2024-03-25 08:26:16.628 [INFO ] [http-nio-9090-exec-5] [213] CarteraCompletaLogic - Estamos en el do-while posiblemente mandando nuevamente la peticion de una parte del segmento: 28
2024-03-25 08:26:16.790 [INFO ] [http-nio-9090-exec-5] [213] CarteraCompletaLogic - Estamos en el do-while posiblemente mandando nuevamente la peticion de una parte del segmento: 28
2024-03-25 08:26:16.967 [INFO ] [http-nio-9090-exec-5] [213] CarteraCompletaLogic - Estamos en el do-while posiblemente mandando nuevamente la peticion de una parte del segmento: 28
2024-03-25 08:26:17.262 [INFO ] [http-nio-9090-exec-5] [213] CarteraCompletaLogic - Estamos en el do-while posiblemente mandando nuevamente la peticion de una parte del segmento: 28
2024-03-25 08:26:17.552 [INFO ] [http-nio-9090-exec-5] [213] CarteraCompletaLogic - Estamos en el do-while posiblemente mandando nuevamente la peticion de una parte del segmento: 28
2024-03-25 08:26:17.943 [INFO ] [http-nio-9090-exec-5] [213] CarteraCompletaLogic - Estamos en el do-while posiblemente mandando nuevamente la peticion de una parte del segmento: 28
2024-03-25 08:26:18.104 [INFO ] [http-nio-9090-exec-5] [213] CarteraCompletaLogic - Estamos en el do-while posiblemente mandando nuevamente la peticion de una parte del segmento: 28
2024-03-25 08:26:18.305 [INFO ] [http-nio-9090-exec-5] [213] CarteraCompletaLogic - Estamos en el do-while posiblemente mandando nuevamente la peticion de una parte del segmento: 28
2024-03-25 08:26:18.481 [INFO ] [http-nio-9090-exec-5] [213] CarteraCompletaLogic - Estamos en el do-while posiblemente mandando nuevamente la peticion de una parte del segmento: 28
2024-03-25 08:26:18.805 [INFO ] [http-nio-9090-exec-5] [213] CarteraCompletaLogic - Estamos en el do-while posiblemente mandando nuevamente la peticion de una parte del segmento: 28
2024-03-25 08:26:19.145 [INFO ] [http-nio-9090-exec-5] [213] CarteraCompletaLogic - Estamos en el do-while posiblemente mandando nuevamente la peticion de una parte del segmento: 28
2024-03-25 08:26:19.336 [INFO ] [http-nio-9090-exec-5] [213] CarteraCompletaLogic - Estamos en el do-while posiblemente mandando nuevamente la peticion de una parte del segmento: 28
2024-03-25 08:26:19.674 [INFO ] [http-nio-9090-exec-5] [213] CarteraCompletaLogic - Estamos en el do-while posiblemente mandando nuevamente la peticion de una parte del segmento: 28
2024-03-25 08:26:19.836 [INFO ] [http-nio-9090-exec-5] [213] CarteraCompletaLogic - Estamos en el do-while posiblemente mandando nuevamente la peticion de una parte del segmento: 28
2024-03-25 08:26:19.996 [INFO ] [http-nio-9090-exec-5] [213] CarteraCompletaLogic - Estamos en el do-while posiblemente mandando nuevamente la peticion de una parte del segmento: 28
2024-03-25 08:26:20.156 [INFO ] [http-nio-9090-exec-5] [213] CarteraCompletaLogic - Estamos en el do-while posiblemente mandando nuevamente la peticion de una parte del segmento: 28
2024-03-25 08:26:20.507 [INFO ] [http-nio-9090-exec-5] [213] CarteraCompletaLogic - Estamos en el do-while posiblemente mandando nuevamente la peticion de una parte del segmento: 28
2024-03-25 08:26:20.851 [INFO ] [http-nio-9090-exec-5] [213] CarteraCompletaLogic - Estamos en el do-while posiblemente mandando nuevamente la peticion de una parte del segmento: 28
2024-03-25 08:26:21.017 [INFO ] [http-nio-9090-exec-5] [213] CarteraCompletaLogic - Estamos en el do-while posiblemente mandando nuevamente la peticion de una parte del segmento: 28
2024-03-25 08:26:21.365 [INFO ] [http-nio-9090-exec-5] [213] CarteraCompletaLogic - Estamos en el do-while posiblemente mandando nuevamente la peticion de una parte del segmento: 28
2024-03-25 08:26:21.718 [INFO ] [http-nio-9090-exec-5] [213] CarteraCompletaLogic - Estamos en el do-while posiblemente mandando nuevamente la peticion de una parte del segmento: 28
2024-03-25 08:26:21.894 [INFO ] [http-nio-9090-exec-5] [213] CarteraCompletaLogic - Estamos en el do-while posiblemente mandando nuevamente la peticion de una parte del segmento: 28
2024-03-25 08:26:22.219 [INFO ] [http-nio-9090-exec-5] [213] CarteraCompletaLogic - Estamos en el do-while posiblemente mandando nuevamente la peticion de una parte del segmento: 28
2024-03-25 08:26:22.397 [INFO ] [http-nio-9090-exec-5] [213] CarteraCompletaLogic - Estamos en el do-while posiblemente mandando nuevamente la peticion de una parte del segmento: 28
2024-03-25 08:26:22.563 [INFO ] [http-nio-9090-exec-5] [213] CarteraCompletaLogic - Estamos en el do-while posiblemente mandando nuevamente la peticion de una parte del segmento: 28
2024-03-25 08:26:23.254 [INFO ] [http-nio-9090-exec-5] [213] CarteraCompletaLogic - Estamos en el do-while posiblemente mandando nuevamente la peticion de una parte del segmento: 28
2024-03-25 08:26:23.428 [INFO ] [http-nio-9090-exec-5] [213] CarteraCompletaLogic - Estamos en el do-while posiblemente mandando nuevamente la peticion de una parte del segmento: 28
2024-03-25 08:26:23.590 [INFO ] [http-nio-9090-exec-5] [213] CarteraCompletaLogic - Estamos en el do-while posiblemente mandando nuevamente la peticion de una parte del segmento: 28
2024-03-25 08:26:23.870 [INFO ] [http-nio-9090-exec-5] [213] CarteraCompletaLogic - Estamos en el do-while posiblemente mandando nuevamente la peticion de una parte del segmento: 28
2024-03-25 08:26:25.278 [INFO ] [http-nio-9090-exec-5] [213] CarteraCompletaLogic - Estamos en el do-while posiblemente mandando nuevamente la peticion de una parte del segmento: 28
2024-03-25 08:26:25.443 [INFO ] [http-nio-9090-exec-5] [213] CarteraCompletaLogic - Estamos en el do-while posiblemente mandando nuevamente la peticion de una parte del segmento: 28
2024-03-25 08:26:25.756 [INFO ] [http-nio-9090-exec-5] [213] CarteraCompletaLogic - Estamos en el do-while posiblemente mandando nuevamente la peticion de una parte del segmento: 28
2024-03-25 08:26:25.974 [INFO ] [http-nio-9090-exec-5] [213] CarteraCompletaLogic - Estamos en el do-while posiblemente mandando nuevamente la peticion de una parte del segmento: 28
2024-03-25 08:26:26.138 [INFO ] [http-nio-9090-exec-5] [213] CarteraCompletaLogic - Estamos en el do-while posiblemente mandando nuevamente la peticion de una parte del segmento: 28
2024-03-25 08:26:26.298 [INFO ] [http-nio-9090-exec-5] [213] CarteraCompletaLogic - Estamos en el do-while posiblemente mandando nuevamente la peticion de una parte del segmento: 28
2024-03-25 08:26:26.633 [INFO ] [http-nio-9090-exec-5] [213] CarteraCompletaLogic - Estamos en el do-while posiblemente mandando nuevamente la peticion de una parte del segmento: 28
2024-03-25 08:26:26.961 [INFO ] [http-nio-9090-exec-5] [213] CarteraCompletaLogic - Estamos en el do-while posiblemente mandando nuevamente la peticion de una parte del segmento: 28
2024-03-25 08:26:27.130 [INFO ] [http-nio-9090-exec-5] [213] CarteraCompletaLogic - Estamos en el do-while posiblemente mandando nuevamente la peticion de una parte del segmento: 28
2024-03-25 08:26:27.460 [INFO ] [http-nio-9090-exec-5] [213] CarteraCompletaLogic - Estamos en el do-while posiblemente mandando nuevamente la peticion de una parte del segmento: 28
2024-03-25 08:26:27.752 [INFO ] [http-nio-9090-exec-5] [213] CarteraCompletaLogic - Estamos en el do-while posiblemente mandando nuevamente la peticion de una parte del segmento: 28
2024-03-25 08:26:28.061 [INFO ] [http-nio-9090-exec-5] [213] CarteraCompletaLogic - Estamos en el do-while posiblemente mandando nuevamente la peticion de una parte del segmento: 28
2024-03-25 08:26:28.231 [INFO ] [http-nio-9090-exec-5] [213] CarteraCompletaLogic - Estamos en el do-while posiblemente mandando nuevamente la peticion de una parte del segmento: 28
2024-03-25 08:26:28.553 [INFO ] [http-nio-9090-exec-5] [213] CarteraCompletaLogic - Estamos en el do-while posiblemente mandando nuevamente la peticion de una parte del segmento: 28
2024-03-25 08:26:28.832 [INFO ] [http-nio-9090-exec-5] [213] CarteraCompletaLogic - Estamos en el do-while posiblemente mandando nuevamente la peticion de una parte del segmento: 28
2024-03-25 08:26:28.991 [INFO ] [http-nio-9090-exec-5] [213] CarteraCompletaLogic - Estamos en el do-while posiblemente mandando nuevamente la peticion de una parte del segmento: 28
2024-03-25 08:26:29.180 [INFO ] [http-nio-9090-exec-5] [213] CarteraCompletaLogic - Estamos en el do-while posiblemente mandando nuevamente la peticion de una parte del segmento: 28
2024-03-25 08:26:29.388 [INFO ] [http-nio-9090-exec-5] [213] CarteraCompletaLogic - Estamos en el do-while posiblemente mandando nuevamente la peticion de una parte del segmento: 28
2024-03-25 08:26:29.566 [INFO ] [http-nio-9090-exec-5] [213] CarteraCompletaLogic - Estamos en el do-while posiblemente mandando nuevamente la peticion de una parte del segmento: 28
2024-03-25 08:26:29.873 [INFO ] [http-nio-9090-exec-5] [213] CarteraCompletaLogic - Estamos en el do-while posiblemente mandando nuevamente la peticion de una parte del segmento: 28
2024-03-25 08:26:30.332 [INFO ] [http-nio-9090-exec-5] [213] CarteraCompletaLogic - Estamos en el do-while posiblemente mandando nuevamente la peticion de una parte del segmento: 28
2024-03-25 08:26:30.662 [INFO ] [http-nio-9090-exec-5] [213] CarteraCompletaLogic - Estamos en el do-while posiblemente mandando nuevamente la peticion de una parte del segmento: 28
2024-03-25 08:26:30.820 [INFO ] [http-nio-9090-exec-5] [213] CarteraCompletaLogic - Estamos en el do-while posiblemente mandando nuevamente la peticion de una parte del segmento: 28
2024-03-25 08:26:30.982 [INFO ] [http-nio-9090-exec-5] [213] CarteraCompletaLogic - Estamos en el do-while posiblemente mandando nuevamente la peticion de una parte del segmento: 28
2024-03-25 08:26:31.310 [INFO ] [http-nio-9090-exec-5] [213] CarteraCompletaLogic - Estamos en el do-while posiblemente mandando nuevamente la peticion de una parte del segmento: 28
2024-03-25 08:26:31.489 [INFO ] [http-nio-9090-exec-5] [213] CarteraCompletaLogic - Estamos en el do-while posiblemente mandando nuevamente la peticion de una parte del segmento: 28
2024-03-25 08:26:31.661 [INFO ] [http-nio-9090-exec-5] [213] CarteraCompletaLogic - Estamos en el do-while posiblemente mandando nuevamente la peticion de una parte del segmento: 28
2024-03-25 08:26:31.863 [INFO ] [http-nio-9090-exec-5] [213] CarteraCompletaLogic - Estamos en el do-while posiblemente mandando nuevamente la peticion de una parte del segmento: 28
2024-03-25 08:26:32.235 [INFO ] [http-nio-9090-exec-5] [213] CarteraCompletaLogic - Estamos en el do-while posiblemente mandando nuevamente la peticion de una parte del segmento: 28
2024-03-25 08:26:32.401 [INFO ] [http-nio-9090-exec-5] [213] CarteraCompletaLogic - Estamos en el do-while posiblemente mandando nuevamente la peticion de una parte del segmento: 28
2024-03-25 08:26:32.700 [INFO ] [http-nio-9090-exec-5] [213] CarteraCompletaLogic - Estamos en el do-while posiblemente mandando nuevamente la peticion de una parte del segmento: 28
2024-03-25 08:26:33.021 [INFO ] [http-nio-9090-exec-5] [213] CarteraCompletaLogic - Estamos en el do-while posiblemente mandando nuevamente la peticion de una parte del segmento: 28
2024-03-25 08:26:33.195 [INFO ] [http-nio-9090-exec-5] [213] CarteraCompletaLogic - Estamos en el do-while posiblemente mandando nuevamente la peticion de una parte del segmento: 28
2024-03-25 08:26:33.365 [INFO ] [http-nio-9090-exec-5] [213] CarteraCompletaLogic - Estamos en el do-while posiblemente mandando nuevamente la peticion de una parte del segmento: 28
2024-03-25 08:26:33.740 [INFO ] [http-nio-9090-exec-5] [213] CarteraCompletaLogic - Estamos en el do-while posiblemente mandando nuevamente la peticion de una parte del segmento: 28
2024-03-25 08:26:33.910 [INFO ] [http-nio-9090-exec-5] [213] CarteraCompletaLogic - Estamos en el do-while posiblemente mandando nuevamente la peticion de una parte del segmento: 28
2024-03-25 08:26:34.259 [INFO ] [http-nio-9090-exec-5] [213] CarteraCompletaLogic - Estamos en el do-while posiblemente mandando nuevamente la peticion de una parte del segmento: 28
2024-03-25 08:26:34.907 [INFO ] [http-nio-9090-exec-5] [213] CarteraCompletaLogic - Estamos en el do-while posiblemente mandando nuevamente la peticion de una parte del segmento: 28
2024-03-25 08:26:35.086 [INFO ] [http-nio-9090-exec-5] [213] CarteraCompletaLogic - Estamos en el do-while posiblemente mandando nuevamente la peticion de una parte del segmento: 28
2024-03-25 08:26:35.411 [INFO ] [http-nio-9090-exec-5] [213] CarteraCompletaLogic - Estamos en el do-while posiblemente mandando nuevamente la peticion de una parte del segmento: 28
2024-03-25 08:26:35.587 [INFO ] [http-nio-9090-exec-5] [213] CarteraCompletaLogic - Estamos en el do-while posiblemente mandando nuevamente la peticion de una parte del segmento: 28
2024-03-25 08:26:35.742 [INFO ] [http-nio-9090-exec-5] [213] CarteraCompletaLogic - Estamos en el do-while posiblemente mandando nuevamente la peticion de una parte del segmento: 28
2024-03-25 08:26:35.913 [INFO ] [http-nio-9090-exec-5] [213] CarteraCompletaLogic - Estamos en el do-while posiblemente mandando nuevamente la peticion de una parte del segmento: 28
2024-03-25 08:26:36.239 [INFO ] [http-nio-9090-exec-5] [213] CarteraCompletaLogic - Estamos en el do-while posiblemente mandando nuevamente la peticion de una parte del segmento: 28
2024-03-25 08:26:36.399 [INFO ] [http-nio-9090-exec-5] [213] CarteraCompletaLogic - Estamos en el do-while posiblemente mandando nuevamente la peticion de una parte del segmento: 28
2024-03-25 08:26:36.691 [INFO ] [http-nio-9090-exec-5] [213] CarteraCompletaLogic - Estamos en el do-while posiblemente mandando nuevamente la peticion de una parte del segmento: 28
2024-03-25 08:26:37.039 [INFO ] [http-nio-9090-exec-5] [213] CarteraCompletaLogic - Estamos en el do-while posiblemente mandando nuevamente la peticion de una parte del segmento: 28
2024-03-25 08:26:37.211 [INFO ] [http-nio-9090-exec-5] [213] CarteraCompletaLogic - Estamos en el do-while posiblemente mandando nuevamente la peticion de una parte del segmento: 28
2024-03-25 08:26:37.374 [INFO ] [http-nio-9090-exec-5] [213] CarteraCompletaLogic - Estamos en el do-while posiblemente mandando nuevamente la peticion de una parte del segmento: 28
2024-03-25 08:26:37.711 [INFO ] [http-nio-9090-exec-5] [213] CarteraCompletaLogic - Estamos en el do-while posiblemente mandando nuevamente la peticion de una parte del segmento: 28
2024-03-25 08:26:37.974 [INFO ] [http-nio-9090-exec-5] [213] CarteraCompletaLogic - Estamos en el do-while posiblemente mandando nuevamente la peticion de una parte del segmento: 28
2024-03-25 08:26:38.315 [INFO ] [http-nio-9090-exec-5] [213] CarteraCompletaLogic - Estamos en el do-while posiblemente mandando nuevamente la peticion de una parte del segmento: 28
2024-03-25 08:26:38.476 [INFO ] [http-nio-9090-exec-5] [213] CarteraCompletaLogic - Estamos en el do-while posiblemente mandando nuevamente la peticion de una parte del segmento: 28
2024-03-25 08:26:38.806 [INFO ] [http-nio-9090-exec-5] [213] CarteraCompletaLogic - Estamos en el do-while posiblemente mandando nuevamente la peticion de una parte del segmento: 28
2024-03-25 08:26:38.967 [INFO ] [http-nio-9090-exec-5] [213] CarteraCompletaLogic - Estamos en el do-while posiblemente mandando nuevamente la peticion de una parte del segmento: 28
2024-03-25 08:26:39.126 [INFO ] [http-nio-9090-exec-5] [213] CarteraCompletaLogic - Estamos en el do-while posiblemente mandando nuevamente la peticion de una parte del segmento: 28
2024-03-25 08:26:39.446 [INFO ] [http-nio-9090-exec-5] [213] CarteraCompletaLogic - Estamos en el do-while posiblemente mandando nuevamente la peticion de una parte del segmento: 28
2024-03-25 08:26:39.804 [INFO ] [http-nio-9090-exec-5] [213] CarteraCompletaLogic - Estamos en el do-while posiblemente mandando nuevamente la peticion de una parte del segmento: 28
2024-03-25 08:26:40.156 [INFO ] [http-nio-9090-exec-5] [213] CarteraCompletaLogic - Estamos en el do-while posiblemente mandando nuevamente la peticion de una parte del segmento: 28
2024-03-25 08:26:40.332 [INFO ] [http-nio-9090-exec-5] [213] CarteraCompletaLogic - Estamos en el do-while posiblemente mandando nuevamente la peticion de una parte del segmento: 28
2024-03-25 08:26:40.654 [INFO ] [http-nio-9090-exec-5] [213] CarteraCompletaLogic - Estamos en el do-while posiblemente mandando nuevamente la peticion de una parte del segmento: 28
2024-03-25 08:26:40.980 [INFO ] [http-nio-9090-exec-5] [213] CarteraCompletaLogic - Estamos en el do-while posiblemente mandando nuevamente la peticion de una parte del segmento: 28
2024-03-25 08:26:41.141 [INFO ] [http-nio-9090-exec-5] [213] CarteraCompletaLogic - Estamos en el do-while posiblemente mandando nuevamente la peticion de una parte del segmento: 28
2024-03-25 08:26:41.518 [INFO ] [http-nio-9090-exec-5] [213] CarteraCompletaLogic - Estamos en el do-while posiblemente mandando nuevamente la peticion de una parte del segmento: 28
2024-03-25 08:26:41.880 [INFO ] [http-nio-9090-exec-5] [213] CarteraCompletaLogic - Estamos en el do-while posiblemente mandando nuevamente la peticion de una parte del segmento: 28
2024-03-25 08:26:42.236 [INFO ] [http-nio-9090-exec-5] [213] CarteraCompletaLogic - Estamos en el do-while posiblemente mandando nuevamente la peticion de una parte del segmento: 28
2024-03-25 08:26:42.403 [INFO ] [http-nio-9090-exec-5] [213] CarteraCompletaLogic - Estamos en el do-while posiblemente mandando nuevamente la peticion de una parte del segmento: 28
2024-03-25 08:26:42.686 [INFO ] [http-nio-9090-exec-5] [213] CarteraCompletaLogic - Estamos en el do-while posiblemente mandando nuevamente la peticion de una parte del segmento: 28
2024-03-25 08:26:42.853 [INFO ] [http-nio-9090-exec-5] [213] CarteraCompletaLogic - Estamos en el do-while posiblemente mandando nuevamente la peticion de una parte del segmento: 28
2024-03-25 08:26:43.015 [INFO ] [http-nio-9090-exec-5] [213] CarteraCompletaLogic - Estamos en el do-while posiblemente mandando nuevamente la peticion de una parte del segmento: 28
2024-03-25 08:26:43.660 [INFO ] [http-nio-9090-exec-5] [213] CarteraCompletaLogic - Estamos en el do-while posiblemente mandando nuevamente la peticion de una parte del segmento: 28
2024-03-25 08:26:43.820 [INFO ] [http-nio-9090-exec-5] [213] CarteraCompletaLogic - Estamos en el do-while posiblemente mandando nuevamente la peticion de una parte del segmento: 28
2024-03-25 08:26:44.197 [INFO ] [http-nio-9090-exec-5] [213] CarteraCompletaLogic - Estamos en el do-while posiblemente mandando nuevamente la peticion de una parte del segmento: 28
2024-03-25 08:26:44.516 [INFO ] [http-nio-9090-exec-5] [213] CarteraCompletaLogic - Estamos en el do-while posiblemente mandando nuevamente la peticion de una parte del segmento: 28
2024-03-25 08:26:44.797 [INFO ] [http-nio-9090-exec-5] [213] CarteraCompletaLogic - Estamos en el do-while posiblemente mandando nuevamente la peticion de una parte del segmento: 28
2024-03-25 08:26:44.961 [INFO ] [http-nio-9090-exec-5] [213] CarteraCompletaLogic - Estamos en el do-while posiblemente mandando nuevamente la peticion de una parte del segmento: 28
2024-03-25 08:26:45.309 [INFO ] [http-nio-9090-exec-5] [213] CarteraCompletaLogic - Estamos en el do-while posiblemente mandando nuevamente la peticion de una parte del segmento: 28
2024-03-25 08:26:45.486 [INFO ] [http-nio-9090-exec-5] [213] CarteraCompletaLogic - Estamos en el do-while posiblemente mandando nuevamente la peticion de una parte del segmento: 28
2024-03-25 08:26:47.600 [INFO ] [http-nio-9090-exec-5] [213] CarteraCompletaLogic - Estamos en el do-while posiblemente mandando nuevamente la peticion de una parte del segmento: 28
2024-03-25 08:26:48.854 [INFO ] [http-nio-9090-exec-5] [213] CarteraCompletaLogic - Estamos en el do-while posiblemente mandando nuevamente la peticion de una parte del segmento: 28
2024-03-25 08:26:50.798 [INFO ] [http-nio-9090-exec-5] [213] CarteraCompletaLogic - Estamos en el do-while posiblemente mandando nuevamente la peticion de una parte del segmento: 28
2024-03-25 08:26:51.891 [INFO ] [http-nio-9090-exec-5] [213] CarteraCompletaLogic - Estamos en el do-while posiblemente mandando nuevamente la peticion de una parte del segmento: 28
2024-03-25 08:26:53.870 [INFO ] [http-nio-9090-exec-5] [213] CarteraCompletaLogic - Estamos en el do-while posiblemente mandando nuevamente la peticion de una parte del segmento: 28
2024-03-25 08:26:55.771 [INFO ] [http-nio-9090-exec-5] [213] CarteraCompletaLogic - Estamos en el do-while posiblemente mandando nuevamente la peticion de una parte del segmento: 28
2024-03-25 08:26:56.822 [INFO ] [http-nio-9090-exec-5] [213] CarteraCompletaLogic - Estamos en el do-while posiblemente mandando nuevamente la peticion de una parte del segmento: 28
2024-03-25 08:26:57.974 [INFO ] [http-nio-9090-exec-5] [213] CarteraCompletaLogic - Estamos en el do-while posiblemente mandando nuevamente la peticion de una parte del segmento: 28
2024-03-25 08:26:59.130 [INFO ] [http-nio-9090-exec-5] [213] CarteraCompletaLogic - Estamos en el do-while posiblemente mandando nuevamente la peticion de una parte del segmento: 28
2024-03-25 08:27:00.125 [INFO ] [http-nio-9090-exec-5] [213] CarteraCompletaLogic - Estamos en el do-while posiblemente mandando nuevamente la peticion de una parte del segmento: 28
2024-03-25 08:27:00.125 [INFO ] [http-nio-9090-exec-5] [223] CarteraCompletaLogic - Se encontraron: 3934 clientes del segmento: 28
2024-03-25 08:27:43.183 [INFO ] [http-nio-9090-exec-6] [73] NotificacionesLogic - REQUEST Envio correo{"asunto":"Cartera Cartera_Completa_SF_SCL","copia":null,"destinatario":"kreyes@tkm.com.mx","mensaje":"Se encontraron 58912 cuentas de la cartera Cartera_Completa_SF_SCL","passwordRemitente":"zckcfjfcgkmyxibb","remitente":"cobranzabaztkm@gmail.com"}
2024-03-25 08:27:44.432 [INFO ] [http-nio-9090-exec-6] [75] NotificacionesLogic - RESPONSE Envio correo {"code":1,"data":"Revisa tu buzon","error":false,"message":"Correo enviado correctamente","timestamp":null,"transactionID":null}
2024-03-25 11:37:15.669 [INFO ] [http-nio-9090-exec-8] [213] CarteraCompletaLogic - Estamos en el do-while posiblemente mandando nuevamente la peticion de una parte del segmento: 5
2024-03-25 11:37:17.359 [INFO ] [http-nio-9090-exec-8] [213] CarteraCompletaLogic - Estamos en el do-while posiblemente mandando nuevamente la peticion de una parte del segmento: 5
2024-03-25 11:37:19.574 [INFO ] [http-nio-9090-exec-8] [213] CarteraCompletaLogic - Estamos en el do-while posiblemente mandando nuevamente la peticion de una parte del segmento: 5
2024-03-25 11:37:21.072 [INFO ] [http-nio-9090-exec-8] [213] CarteraCompletaLogic - Estamos en el do-while posiblemente mandando nuevamente la peticion de una parte del segmento: 5
2024-03-25 11:37:25.415 [INFO ] [http-nio-9090-exec-8] [213] CarteraCompletaLogic - Estamos en el do-while posiblemente mandando nuevamente la peticion de una parte del segmento: 5
2024-03-25 11:37:26.834 [INFO ] [http-nio-9090-exec-8] [213] CarteraCompletaLogic - Estamos en el do-while posiblemente mandando nuevamente la peticion de una parte del segmento: 5
2024-03-25 11:37:27.419 [INFO ] [http-nio-9090-exec-8] [213] CarteraCompletaLogic - Estamos en el do-while posiblemente mandando nuevamente la peticion de una parte del segmento: 5
2024-03-25 11:37:28.682 [INFO ] [http-nio-9090-exec-8] [213] CarteraCompletaLogic - Estamos en el do-while posiblemente mandando nuevamente la peticion de una parte del segmento: 5
2024-03-25 11:37:28.683 [INFO ] [http-nio-9090-exec-8] [223] CarteraCompletaLogic - Se encontraron: 2003 clientes del segmento: 5
2024-03-25 11:37:30.104 [INFO ] [http-nio-9090-exec-8] [213] CarteraCompletaLogic - Estamos en el do-while posiblemente mandando nuevamente la peticion de una parte del segmento: 6
2024-03-25 11:37:30.694 [INFO ] [http-nio-9090-exec-8] [213] CarteraCompletaLogic - Estamos en el do-while posiblemente mandando nuevamente la peticion de una parte del segmento: 6
2024-03-25 11:37:32.723 [INFO ] [http-nio-9090-exec-8] [213] CarteraCompletaLogic - Estamos en el do-while posiblemente mandando nuevamente la peticion de una parte del segmento: 6
2024-03-25 11:37:33.982 [INFO ] [http-nio-9090-exec-8] [213] CarteraCompletaLogic - Estamos en el do-while posiblemente mandando nuevamente la peticion de una parte del segmento: 6
2024-03-25 11:37:35.743 [INFO ] [http-nio-9090-exec-8] [213] CarteraCompletaLogic - Estamos en el do-while posiblemente mandando nuevamente la peticion de una parte del segmento: 6
2024-03-25 11:37:37.274 [INFO ] [http-nio-9090-exec-8] [213] CarteraCompletaLogic - Estamos en el do-while posiblemente mandando nuevamente la peticion de una parte del segmento: 6
2024-03-25 11:37:40.375 [INFO ] [http-nio-9090-exec-8] [213] CarteraCompletaLogic - Estamos en el do-while posiblemente mandando nuevamente la peticion de una parte del segmento: 6
2024-03-25 11:37:41.766 [INFO ] [http-nio-9090-exec-8] [213] CarteraCompletaLogic - Estamos en el do-while posiblemente mandando nuevamente la peticion de una parte del segmento: 6
2024-03-25 11:37:43.036 [INFO ] [http-nio-9090-exec-8] [213] CarteraCompletaLogic - Estamos en el do-while posiblemente mandando nuevamente la peticion de una parte del segmento: 6
2024-03-25 11:37:45.039 [INFO ] [http-nio-9090-exec-8] [213] CarteraCompletaLogic - Estamos en el do-while posiblemente mandando nuevamente la peticion de una parte del segmento: 6
2024-03-25 11:37:46.360 [INFO ] [http-nio-9090-exec-8] [213] CarteraCompletaLogic - Estamos en el do-while posiblemente mandando nuevamente la peticion de una parte del segmento: 6
2024-03-25 11:37:46.360 [INFO ] [http-nio-9090-exec-8] [223] CarteraCompletaLogic - Se encontraron: 3133 clientes del segmento: 6
2024-03-25 11:37:52.477 [INFO ] [http-nio-9090-exec-8] [213] CarteraCompletaLogic - Estamos en el do-while posiblemente mandando nuevamente la peticion de una parte del segmento: 16
2024-03-25 11:37:57.601 [INFO ] [http-nio-9090-exec-8] [213] CarteraCompletaLogic - Estamos en el do-while posiblemente mandando nuevamente la peticion de una parte del segmento: 16
2024-03-25 11:38:03.351 [INFO ] [http-nio-9090-exec-8] [213] CarteraCompletaLogic - Estamos en el do-while posiblemente mandando nuevamente la peticion de una parte del segmento: 16
2024-03-25 11:38:08.645 [INFO ] [http-nio-9090-exec-8] [213] CarteraCompletaLogic - Estamos en el do-while posiblemente mandando nuevamente la peticion de una parte del segmento: 16
2024-03-25 11:38:17.533 [INFO ] [http-nio-9090-exec-8] [213] CarteraCompletaLogic - Estamos en el do-while posiblemente mandando nuevamente la peticion de una parte del segmento: 16
2024-03-25 11:38:35.659 [INFO ] [http-nio-9090-exec-8] [213] CarteraCompletaLogic - Estamos en el do-while posiblemente mandando nuevamente la peticion de una parte del segmento: 16
2024-03-25 11:38:42.192 [INFO ] [http-nio-9090-exec-8] [213] CarteraCompletaLogic - Estamos en el do-while posiblemente mandando nuevamente la peticion de una parte del segmento: 16
2024-03-25 11:38:55.270 [INFO ] [http-nio-9090-exec-8] [213] CarteraCompletaLogic - Estamos en el do-while posiblemente mandando nuevamente la peticion de una parte del segmento: 16
2024-03-25 11:38:55.615 [INFO ] [http-nio-9090-exec-8] [213] CarteraCompletaLogic - Estamos en el do-while posiblemente mandando nuevamente la peticion de una parte del segmento: 16
2024-03-25 11:38:55.957 [INFO ] [http-nio-9090-exec-8] [213] CarteraCompletaLogic - Estamos en el do-while posiblemente mandando nuevamente la peticion de una parte del segmento: 16
2024-03-25 11:38:56.335 [INFO ] [http-nio-9090-exec-8] [213] CarteraCompletaLogic - Estamos en el do-while posiblemente mandando nuevamente la peticion de una parte del segmento: 16
2024-03-25 11:38:56.682 [INFO ] [http-nio-9090-exec-8] [213] CarteraCompletaLogic - Estamos en el do-while posiblemente mandando nuevamente la peticion de una parte del segmento: 16
2024-03-25 11:38:57.003 [INFO ] [http-nio-9090-exec-8] [213] CarteraCompletaLogic - Estamos en el do-while posiblemente mandando nuevamente la peticion de una parte del segmento: 16
2024-03-25 11:38:57.161 [INFO ] [http-nio-9090-exec-8] [213] CarteraCompletaLogic - Estamos en el do-while posiblemente mandando nuevamente la peticion de una parte del segmento: 16
2024-03-25 11:38:57.492 [INFO ] [http-nio-9090-exec-8] [213] CarteraCompletaLogic - Estamos en el do-while posiblemente mandando nuevamente la peticion de una parte del segmento: 16
2024-03-25 11:38:57.848 [INFO ] [http-nio-9090-exec-8] [213] CarteraCompletaLogic - Estamos en el do-while posiblemente mandando nuevamente la peticion de una parte del segmento: 16
2024-03-25 11:38:58.221 [INFO ] [http-nio-9090-exec-8] [213] CarteraCompletaLogic - Estamos en el do-while posiblemente mandando nuevamente la peticion de una parte del segmento: 16
2024-03-25 11:38:58.388 [INFO ] [http-nio-9090-exec-8] [213] CarteraCompletaLogic - Estamos en el do-while posiblemente mandando nuevamente la peticion de una parte del segmento: 16
2024-03-25 11:38:58.593 [INFO ] [http-nio-9090-exec-8] [213] CarteraCompletaLogic - Estamos en el do-while posiblemente mandando nuevamente la peticion de una parte del segmento: 16
2024-03-25 11:38:58.764 [INFO ] [http-nio-9090-exec-8] [213] CarteraCompletaLogic - Estamos en el do-while posiblemente mandando nuevamente la peticion de una parte del segmento: 16
2024-03-25 11:38:58.931 [INFO ] [http-nio-9090-exec-8] [213] CarteraCompletaLogic - Estamos en el do-while posiblemente mandando nuevamente la peticion de una parte del segmento: 16
2024-03-25 11:38:59.105 [INFO ] [http-nio-9090-exec-8] [213] CarteraCompletaLogic - Estamos en el do-while posiblemente mandando nuevamente la peticion de una parte del segmento: 16
2024-03-25 11:38:59.399 [INFO ] [http-nio-9090-exec-8] [213] CarteraCompletaLogic - Estamos en el do-while posiblemente mandando nuevamente la peticion de una parte del segmento: 16
2024-03-25 11:38:59.748 [INFO ] [http-nio-9090-exec-8] [213] CarteraCompletaLogic - Estamos en el do-while posiblemente mandando nuevamente la peticion de una parte del segmento: 16
2024-03-25 11:38:59.932 [INFO ] [http-nio-9090-exec-8] [213] CarteraCompletaLogic - Estamos en el do-while posiblemente mandando nuevamente la peticion de una parte del segmento: 16
2024-03-25 11:39:00.272 [INFO ] [http-nio-9090-exec-8] [213] CarteraCompletaLogic - Estamos en el do-while posiblemente mandando nuevamente la peticion de una parte del segmento: 16
2024-03-25 11:39:00.445 [INFO ] [http-nio-9090-exec-8] [213] CarteraCompletaLogic - Estamos en el do-while posiblemente mandando nuevamente la peticion de una parte del segmento: 16
2024-03-25 11:39:00.740 [INFO ] [http-nio-9090-exec-8] [213] CarteraCompletaLogic - Estamos en el do-while posiblemente mandando nuevamente la peticion de una parte del segmento: 16
2024-03-25 11:39:00.902 [INFO ] [http-nio-9090-exec-8] [213] CarteraCompletaLogic - Estamos en el do-while posiblemente mandando nuevamente la peticion de una parte del segmento: 16
2024-03-25 11:39:01.073 [INFO ] [http-nio-9090-exec-8] [213] CarteraCompletaLogic - Estamos en el do-while posiblemente mandando nuevamente la peticion de una parte del segmento: 16
2024-03-25 11:39:01.421 [INFO ] [http-nio-9090-exec-8] [213] CarteraCompletaLogic - Estamos en el do-while posiblemente mandando nuevamente la peticion de una parte del segmento: 16
2024-03-25 11:39:01.779 [INFO ] [http-nio-9090-exec-8] [213] CarteraCompletaLogic - Estamos en el do-while posiblemente mandando nuevamente la peticion de una parte del segmento: 16
2024-03-25 11:39:01.958 [INFO ] [http-nio-9090-exec-8] [213] CarteraCompletaLogic - Estamos en el do-while posiblemente mandando nuevamente la peticion de una parte del segmento: 16
2024-03-25 11:39:02.263 [INFO ] [http-nio-9090-exec-8] [213] CarteraCompletaLogic - Estamos en el do-while posiblemente mandando nuevamente la peticion de una parte del segmento: 16
2024-03-25 11:39:02.443 [INFO ] [http-nio-9090-exec-8] [213] CarteraCompletaLogic - Estamos en el do-while posiblemente mandando nuevamente la peticion de una parte del segmento: 16
2024-03-25 11:39:02.631 [INFO ] [http-nio-9090-exec-8] [213] CarteraCompletaLogic - Estamos en el do-while posiblemente mandando nuevamente la peticion de una parte del segmento: 16
2024-03-25 11:39:02.788 [INFO ] [http-nio-9090-exec-8] [213] CarteraCompletaLogic - Estamos en el do-while posiblemente mandando nuevamente la peticion de una parte del segmento: 16
2024-03-25 11:39:03.146 [INFO ] [http-nio-9090-exec-8] [213] CarteraCompletaLogic - Estamos en el do-while posiblemente mandando nuevamente la peticion de una parte del segmento: 16
2024-03-25 11:39:03.498 [INFO ] [http-nio-9090-exec-8] [213] CarteraCompletaLogic - Estamos en el do-while posiblemente mandando nuevamente la peticion de una parte del segmento: 16
2024-03-25 11:39:03.660 [INFO ] [http-nio-9090-exec-8] [213] CarteraCompletaLogic - Estamos en el do-while posiblemente mandando nuevamente la peticion de una parte del segmento: 16
2024-03-25 11:39:03.965 [INFO ] [http-nio-9090-exec-8] [213] CarteraCompletaLogic - Estamos en el do-while posiblemente mandando nuevamente la peticion de una parte del segmento: 16
2024-03-25 11:39:04.335 [INFO ] [http-nio-9090-exec-8] [213] CarteraCompletaLogic - Estamos en el do-while posiblemente mandando nuevamente la peticion de una parte del segmento: 16
2024-03-25 11:39:04.545 [INFO ] [http-nio-9090-exec-8] [213] CarteraCompletaLogic - Estamos en el do-while posiblemente mandando nuevamente la peticion de una parte del segmento: 16
2024-03-25 11:39:04.710 [INFO ] [http-nio-9090-exec-8] [213] CarteraCompletaLogic - Estamos en el do-while posiblemente mandando nuevamente la peticion de una parte del segmento: 16
2024-03-25 11:39:05.056 [INFO ] [http-nio-9090-exec-8] [213] CarteraCompletaLogic - Estamos en el do-while posiblemente mandando nuevamente la peticion de una parte del segmento: 16
2024-03-25 11:39:05.396 [INFO ] [http-nio-9090-exec-8] [213] CarteraCompletaLogic - Estamos en el do-while posiblemente mandando nuevamente la peticion de una parte del segmento: 16
2024-03-25 11:39:05.582 [INFO ] [http-nio-9090-exec-8] [213] CarteraCompletaLogic - Estamos en el do-while posiblemente mandando nuevamente la peticion de una parte del segmento: 16
2024-03-25 11:39:05.934 [INFO ] [http-nio-9090-exec-8] [213] CarteraCompletaLogic - Estamos en el do-while posiblemente mandando nuevamente la peticion de una parte del segmento: 16
2024-03-25 11:39:06.263 [INFO ] [http-nio-9090-exec-8] [213] CarteraCompletaLogic - Estamos en el do-while posiblemente mandando nuevamente la peticion de una parte del segmento: 16
2024-03-25 11:39:06.449 [INFO ] [http-nio-9090-exec-8] [213] CarteraCompletaLogic - Estamos en el do-while posiblemente mandando nuevamente la peticion de una parte del segmento: 16
2024-03-25 11:39:06.616 [INFO ] [http-nio-9090-exec-8] [213] CarteraCompletaLogic - Estamos en el do-while posiblemente mandando nuevamente la peticion de una parte del segmento: 16
2024-03-25 11:39:06.790 [INFO ] [http-nio-9090-exec-8] [213] CarteraCompletaLogic - Estamos en el do-while posiblemente mandando nuevamente la peticion de una parte del segmento: 16
2024-03-25 11:39:07.083 [INFO ] [http-nio-9090-exec-8] [213] CarteraCompletaLogic - Estamos en el do-while posiblemente mandando nuevamente la peticion de una parte del segmento: 16
2024-03-25 11:39:07.424 [INFO ] [http-nio-9090-exec-8] [213] CarteraCompletaLogic - Estamos en el do-while posiblemente mandando nuevamente la peticion de una parte del segmento: 16
2024-03-25 11:39:07.638 [INFO ] [http-nio-9090-exec-8] [213] CarteraCompletaLogic - Estamos en el do-while posiblemente mandando nuevamente la peticion de una parte del segmento: 16
2024-03-25 11:39:07.806 [INFO ] [http-nio-9090-exec-8] [213] CarteraCompletaLogic - Estamos en el do-while posiblemente mandando nuevamente la peticion de una parte del segmento: 16
2024-03-25 11:39:07.979 [INFO ] [http-nio-9090-exec-8] [213] CarteraCompletaLogic - Estamos en el do-while posiblemente mandando nuevamente la peticion de una parte del segmento: 16
2024-03-25 11:39:08.277 [INFO ] [http-nio-9090-exec-8] [213] CarteraCompletaLogic - Estamos en el do-while posiblemente mandando nuevamente la peticion de una parte del segmento: 16
2024-03-25 11:39:08.451 [INFO ] [http-nio-9090-exec-8] [213] CarteraCompletaLogic - Estamos en el do-while posiblemente mandando nuevamente la peticion de una parte del segmento: 16
2024-03-25 11:39:08.790 [INFO ] [http-nio-9090-exec-8] [213] CarteraCompletaLogic - Estamos en el do-while posiblemente mandando nuevamente la peticion de una parte del segmento: 16
2024-03-25 11:39:08.956 [INFO ] [http-nio-9090-exec-8] [213] CarteraCompletaLogic - Estamos en el do-while posiblemente mandando nuevamente la peticion de una parte del segmento: 16
2024-03-25 11:39:09.132 [INFO ] [http-nio-9090-exec-8] [213] CarteraCompletaLogic - Estamos en el do-while posiblemente mandando nuevamente la peticion de una parte del segmento: 16
2024-03-25 11:39:09.295 [INFO ] [http-nio-9090-exec-8] [213] CarteraCompletaLogic - Estamos en el do-while posiblemente mandando nuevamente la peticion de una parte del segmento: 16
2024-03-25 11:39:09.467 [INFO ] [http-nio-9090-exec-8] [213] CarteraCompletaLogic - Estamos en el do-while posiblemente mandando nuevamente la peticion de una parte del segmento: 16
2024-03-25 11:39:09.793 [INFO ] [http-nio-9090-exec-8] [213] CarteraCompletaLogic - Estamos en el do-while posiblemente mandando nuevamente la peticion de una parte del segmento: 16
2024-03-25 11:39:09.966 [INFO ] [http-nio-9090-exec-8] [213] CarteraCompletaLogic - Estamos en el do-while posiblemente mandando nuevamente la peticion de una parte del segmento: 16
2024-03-25 11:39:10.151 [INFO ] [http-nio-9090-exec-8] [213] CarteraCompletaLogic - Estamos en el do-while posiblemente mandando nuevamente la peticion de una parte del segmento: 16
2024-03-25 11:39:10.324 [INFO ] [http-nio-9090-exec-8] [213] CarteraCompletaLogic - Estamos en el do-while posiblemente mandando nuevamente la peticion de una parte del segmento: 16
2024-03-25 11:39:10.686 [INFO ] [http-nio-9090-exec-8] [213] CarteraCompletaLogic - Estamos en el do-while posiblemente mandando nuevamente la peticion de una parte del segmento: 16
2024-03-25 11:39:10.867 [INFO ] [http-nio-9090-exec-8] [213] CarteraCompletaLogic - Estamos en el do-while posiblemente mandando nuevamente la peticion de una parte del segmento: 16
2024-03-25 11:39:11.224 [INFO ] [http-nio-9090-exec-8] [213] CarteraCompletaLogic - Estamos en el do-while posiblemente mandando nuevamente la peticion de una parte del segmento: 16
2024-03-25 11:39:11.392 [INFO ] [http-nio-9090-exec-8] [213] CarteraCompletaLogic - Estamos en el do-while posiblemente mandando nuevamente la peticion de una parte del segmento: 16
2024-03-25 11:39:11.724 [INFO ] [http-nio-9090-exec-8] [213] CarteraCompletaLogic - Estamos en el do-while posiblemente mandando nuevamente la peticion de una parte del segmento: 16
2024-03-25 11:39:12.066 [INFO ] [http-nio-9090-exec-8] [213] CarteraCompletaLogic - Estamos en el do-while posiblemente mandando nuevamente la peticion de una parte del segmento: 16
2024-03-25 11:39:12.428 [INFO ] [http-nio-9090-exec-8] [213] CarteraCompletaLogic - Estamos en el do-while posiblemente mandando nuevamente la peticion de una parte del segmento: 16
2024-03-25 11:39:12.585 [INFO ] [http-nio-9090-exec-8] [213] CarteraCompletaLogic - Estamos en el do-while posiblemente mandando nuevamente la peticion de una parte del segmento: 16
2024-03-25 11:39:12.933 [INFO ] [http-nio-9090-exec-8] [213] CarteraCompletaLogic - Estamos en el do-while posiblemente mandando nuevamente la peticion de una parte del segmento: 16
2024-03-25 11:39:13.238 [INFO ] [http-nio-9090-exec-8] [213] CarteraCompletaLogic - Estamos en el do-while posiblemente mandando nuevamente la peticion de una parte del segmento: 16
2024-03-25 11:39:13.406 [INFO ] [http-nio-9090-exec-8] [213] CarteraCompletaLogic - Estamos en el do-while posiblemente mandando nuevamente la peticion de una parte del segmento: 16
2024-03-25 11:39:14.080 [INFO ] [http-nio-9090-exec-8] [213] CarteraCompletaLogic - Estamos en el do-while posiblemente mandando nuevamente la peticion de una parte del segmento: 16
2024-03-25 11:39:14.251 [INFO ] [http-nio-9090-exec-8] [213] CarteraCompletaLogic - Estamos en el do-while posiblemente mandando nuevamente la peticion de una parte del segmento: 16
2024-03-25 11:39:14.427 [INFO ] [http-nio-9090-exec-8] [213] CarteraCompletaLogic - Estamos en el do-while posiblemente mandando nuevamente la peticion de una parte del segmento: 16
2024-03-25 11:39:14.612 [INFO ] [http-nio-9090-exec-8] [213] CarteraCompletaLogic - Estamos en el do-while posiblemente mandando nuevamente la peticion de una parte del segmento: 16
2024-03-25 11:39:14.802 [INFO ] [http-nio-9090-exec-8] [213] CarteraCompletaLogic - Estamos en el do-while posiblemente mandando nuevamente la peticion de una parte del segmento: 16
2024-03-25 11:39:15.402 [INFO ] [http-nio-9090-exec-8] [213] CarteraCompletaLogic - Estamos en el do-while posiblemente mandando nuevamente la peticion de una parte del segmento: 16
2024-03-25 11:39:15.571 [INFO ] [http-nio-9090-exec-8] [213] CarteraCompletaLogic - Estamos en el do-while posiblemente mandando nuevamente la peticion de una parte del segmento: 16
2024-03-25 11:39:15.939 [INFO ] [http-nio-9090-exec-8] [213] CarteraCompletaLogic - Estamos en el do-while posiblemente mandando nuevamente la peticion de una parte del segmento: 16
2024-03-25 11:39:16.290 [INFO ] [http-nio-9090-exec-8] [213] CarteraCompletaLogic - Estamos en el do-while posiblemente mandando nuevamente la peticion de una parte del segmento: 16
2024-03-25 11:39:16.624 [INFO ] [http-nio-9090-exec-8] [213] CarteraCompletaLogic - Estamos en el do-while posiblemente mandando nuevamente la peticion de una parte del segmento: 16
2024-03-25 11:39:16.788 [INFO ] [http-nio-9090-exec-8] [213] CarteraCompletaLogic - Estamos en el do-while posiblemente mandando nuevamente la peticion de una parte del segmento: 16
2024-03-25 11:39:16.961 [INFO ] [http-nio-9090-exec-8] [213] CarteraCompletaLogic - Estamos en el do-while posiblemente mandando nuevamente la peticion de una parte del segmento: 16
2024-03-25 11:39:17.133 [INFO ] [http-nio-9090-exec-8] [213] CarteraCompletaLogic - Estamos en el do-while posiblemente mandando nuevamente la peticion de una parte del segmento: 16
2024-03-25 11:39:17.318 [INFO ] [http-nio-9090-exec-8] [213] CarteraCompletaLogic - Estamos en el do-while posiblemente mandando nuevamente la peticion de una parte del segmento: 16
2024-03-25 11:39:17.684 [INFO ] [http-nio-9090-exec-8] [213] CarteraCompletaLogic - Estamos en el do-while posiblemente mandando nuevamente la peticion de una parte del segmento: 16
2024-03-25 11:39:18.033 [INFO ] [http-nio-9090-exec-8] [213] CarteraCompletaLogic - Estamos en el do-while posiblemente mandando nuevamente la peticion de una parte del segmento: 16
2024-03-25 11:39:18.367 [INFO ] [http-nio-9090-exec-8] [213] CarteraCompletaLogic - Estamos en el do-while posiblemente mandando nuevamente la peticion de una parte del segmento: 16
2024-03-25 11:39:18.535 [INFO ] [http-nio-9090-exec-8] [213] CarteraCompletaLogic - Estamos en el do-while posiblemente mandando nuevamente la peticion de una parte del segmento: 16
2024-03-25 11:39:18.863 [INFO ] [http-nio-9090-exec-8] [213] CarteraCompletaLogic - Estamos en el do-while posiblemente mandando nuevamente la peticion de una parte del segmento: 16
2024-03-25 11:39:19.157 [INFO ] [http-nio-9090-exec-8] [213] CarteraCompletaLogic - Estamos en el do-while posiblemente mandando nuevamente la peticion de una parte del segmento: 16
2024-03-25 11:39:19.342 [INFO ] [http-nio-9090-exec-8] [213] CarteraCompletaLogic - Estamos en el do-while posiblemente mandando nuevamente la peticion de una parte del segmento: 16
2024-03-25 11:39:19.526 [INFO ] [http-nio-9090-exec-8] [213] CarteraCompletaLogic - Estamos en el do-while posiblemente mandando nuevamente la peticion de una parte del segmento: 16
2024-03-25 11:39:19.870 [INFO ] [http-nio-9090-exec-8] [213] CarteraCompletaLogic - Estamos en el do-while posiblemente mandando nuevamente la peticion de una parte del segmento: 16
2024-03-25 11:39:20.044 [INFO ] [http-nio-9090-exec-8] [213] CarteraCompletaLogic - Estamos en el do-while posiblemente mandando nuevamente la peticion de una parte del segmento: 16
2024-03-25 11:39:20.388 [INFO ] [http-nio-9090-exec-8] [213] CarteraCompletaLogic - Estamos en el do-while posiblemente mandando nuevamente la peticion de una parte del segmento: 16
2024-03-25 11:39:20.677 [INFO ] [http-nio-9090-exec-8] [213] CarteraCompletaLogic - Estamos en el do-while posiblemente mandando nuevamente la peticion de una parte del segmento: 16
2024-03-25 11:39:20.858 [INFO ] [http-nio-9090-exec-8] [213] CarteraCompletaLogic - Estamos en el do-while posiblemente mandando nuevamente la peticion de una parte del segmento: 16
2024-03-25 11:39:21.022 [INFO ] [http-nio-9090-exec-8] [213] CarteraCompletaLogic - Estamos en el do-while posiblemente mandando nuevamente la peticion de una parte del segmento: 16
2024-03-25 11:39:21.388 [INFO ] [http-nio-9090-exec-8] [213] CarteraCompletaLogic - Estamos en el do-while posiblemente mandando nuevamente la peticion de una parte del segmento: 16
2024-03-25 11:39:21.555 [INFO ] [http-nio-9090-exec-8] [213] CarteraCompletaLogic - Estamos en el do-while posiblemente mandando nuevamente la peticion de una parte del segmento: 16
2024-03-25 11:39:22.639 [INFO ] [http-nio-9090-exec-8] [213] CarteraCompletaLogic - Estamos en el do-while posiblemente mandando nuevamente la peticion de una parte del segmento: 16
2024-03-25 11:39:22.978 [INFO ] [http-nio-9090-exec-8] [213] CarteraCompletaLogic - Estamos en el do-while posiblemente mandando nuevamente la peticion de una parte del segmento: 16
2024-03-25 11:39:23.134 [INFO ] [http-nio-9090-exec-8] [213] CarteraCompletaLogic - Estamos en el do-while posiblemente mandando nuevamente la peticion de una parte del segmento: 16
2024-03-25 11:39:23.878 [INFO ] [http-nio-9090-exec-8] [213] CarteraCompletaLogic - Estamos en el do-while posiblemente mandando nuevamente la peticion de una parte del segmento: 16
2024-03-25 11:39:24.183 [INFO ] [http-nio-9090-exec-8] [213] CarteraCompletaLogic - Estamos en el do-while posiblemente mandando nuevamente la peticion de una parte del segmento: 16
2024-03-25 11:39:24.356 [INFO ] [http-nio-9090-exec-8] [213] CarteraCompletaLogic - Estamos en el do-while posiblemente mandando nuevamente la peticion de una parte del segmento: 16
2024-03-25 11:39:24.510 [INFO ] [http-nio-9090-exec-8] [213] CarteraCompletaLogic - Estamos en el do-while posiblemente mandando nuevamente la peticion de una parte del segmento: 16
2024-03-25 11:39:24.840 [INFO ] [http-nio-9090-exec-8] [213] CarteraCompletaLogic - Estamos en el do-while posiblemente mandando nuevamente la peticion de una parte del segmento: 16
2024-03-25 11:39:25.005 [INFO ] [http-nio-9090-exec-8] [213] CarteraCompletaLogic - Estamos en el do-while posiblemente mandando nuevamente la peticion de una parte del segmento: 16
2024-03-25 11:39:25.260 [INFO ] [http-nio-9090-exec-8] [213] CarteraCompletaLogic - Estamos en el do-while posiblemente mandando nuevamente la peticion de una parte del segmento: 16
2024-03-25 11:39:25.429 [INFO ] [http-nio-9090-exec-8] [213] CarteraCompletaLogic - Estamos en el do-while posiblemente mandando nuevamente la peticion de una parte del segmento: 16
2024-03-25 11:39:56.385 [INFO ] [http-nio-9090-exec-8] [213] CarteraCompletaLogic - Estamos en el do-while posiblemente mandando nuevamente la peticion de una parte del segmento: 16
2024-03-25 11:40:06.336 [INFO ] [http-nio-9090-exec-8] [213] CarteraCompletaLogic - Estamos en el do-while posiblemente mandando nuevamente la peticion de una parte del segmento: 16
2024-03-25 11:40:18.996 [INFO ] [http-nio-9090-exec-8] [213] CarteraCompletaLogic - Estamos en el do-while posiblemente mandando nuevamente la peticion de una parte del segmento: 16
2024-03-25 11:40:30.076 [INFO ] [http-nio-9090-exec-8] [213] CarteraCompletaLogic - Estamos en el do-while posiblemente mandando nuevamente la peticion de una parte del segmento: 16
2024-03-25 11:40:37.468 [INFO ] [http-nio-9090-exec-8] [213] CarteraCompletaLogic - Estamos en el do-while posiblemente mandando nuevamente la peticion de una parte del segmento: 16
2024-03-25 11:41:00.057 [INFO ] [http-nio-9090-exec-8] [213] CarteraCompletaLogic - Estamos en el do-while posiblemente mandando nuevamente la peticion de una parte del segmento: 16
2024-03-25 11:41:00.057 [INFO ] [http-nio-9090-exec-8] [223] CarteraCompletaLogic - Se encontraron: 49901 clientes del segmento: 16
2024-03-25 11:41:02.550 [INFO ] [http-nio-9090-exec-8] [213] CarteraCompletaLogic - Estamos en el do-while posiblemente mandando nuevamente la peticion de una parte del segmento: 28
2024-03-25 11:41:05.158 [INFO ] [http-nio-9090-exec-8] [213] CarteraCompletaLogic - Estamos en el do-while posiblemente mandando nuevamente la peticion de una parte del segmento: 28
2024-03-25 11:41:07.261 [INFO ] [http-nio-9090-exec-8] [213] CarteraCompletaLogic - Estamos en el do-while posiblemente mandando nuevamente la peticion de una parte del segmento: 28
2024-03-25 11:41:09.616 [INFO ] [http-nio-9090-exec-8] [213] CarteraCompletaLogic - Estamos en el do-while posiblemente mandando nuevamente la peticion de una parte del segmento: 28
2024-03-25 11:41:10.329 [INFO ] [http-nio-9090-exec-8] [213] CarteraCompletaLogic - Estamos en el do-while posiblemente mandando nuevamente la peticion de una parte del segmento: 28
2024-03-25 11:41:12.365 [INFO ] [http-nio-9090-exec-8] [213] CarteraCompletaLogic - Estamos en el do-while posiblemente mandando nuevamente la peticion de una parte del segmento: 28
2024-03-25 11:41:14.599 [INFO ] [http-nio-9090-exec-8] [213] CarteraCompletaLogic - Estamos en el do-while posiblemente mandando nuevamente la peticion de una parte del segmento: 28
2024-03-25 11:41:17.003 [INFO ] [http-nio-9090-exec-8] [213] CarteraCompletaLogic - Estamos en el do-while posiblemente mandando nuevamente la peticion de una parte del segmento: 28
2024-03-25 11:41:19.547 [INFO ] [http-nio-9090-exec-8] [213] CarteraCompletaLogic - Estamos en el do-while posiblemente mandando nuevamente la peticion de una parte del segmento: 28
2024-03-25 11:41:21.697 [INFO ] [http-nio-9090-exec-8] [213] CarteraCompletaLogic - Estamos en el do-while posiblemente mandando nuevamente la peticion de una parte del segmento: 28
2024-03-25 11:41:23.358 [INFO ] [http-nio-9090-exec-8] [213] CarteraCompletaLogic - Estamos en el do-while posiblemente mandando nuevamente la peticion de una parte del segmento: 28
2024-03-25 11:41:23.359 [INFO ] [http-nio-9090-exec-8] [223] CarteraCompletaLogic - Se encontraron: 4580 clientes del segmento: 28
2024-03-25 11:42:25.086 [INFO ] [http-nio-9090-exec-5] [73] NotificacionesLogic - REQUEST Envio correo{"asunto":"Cartera Cartera_Completa_SF_SCL","copia":null,"destinatario":"kreyes@tkm.com.mx","mensaje":"Se encontraron 59617 cuentas de la cartera Cartera_Completa_SF_SCL","passwordRemitente":"zckcfjfcgkmyxibb","remitente":"cobranzabaztkm@gmail.com"}
2024-03-25 11:42:27.398 [INFO ] [http-nio-9090-exec-5] [75] NotificacionesLogic - RESPONSE Envio correo {"code":1,"data":"Revisa tu buzon","error":false,"message":"Correo enviado correctamente","timestamp":null,"transactionID":null}
